<?xml version="1.0" encoding="UTF-8"?>
<!-- Generated by org.testng.reporters.JUnitReportReporter -->
<testsuite hostname="cucumber" failures="0" tests="1" name="forTest.SeleniumCode" time="2.834" errors="0" timestamp="24 Apr 2022 16:08:20 GMT" skipped="0">
  <testcase classname="forTest.SeleniumCode" name="hello" time="2.834"/>
</testsuite> <!-- forTest.SeleniumCode -->
