<?xml version="1.0" encoding="UTF-8"?>
<!-- Generated by org.testng.reporters.JUnitReportReporter -->
<testsuite hostname="cucumber" failures="0" tests="5" name="referBasics.RefrerBasics" time="2.912" errors="0" timestamp="06 Jun 2022 17:23:49 GMT" skipped="2">
  <testcase classname="referBasics.RefrerBasics" name="ExcelDataProviderTest" time="1.073"/>
  <testcase classname="referBasics.RefrerBasics" name="ExcelDataProviderTest" time="0.933"/>
  <testcase classname="referBasics.RefrerBasics" name="ExcelDataProviderTest" time="0.906"/>
  <testcase classname="referBasics.RefrerBasics" name="ExcelTesting">
    <skipped/>
  </testcase> <!-- ExcelTesting -->
  <testcase classname="referBasics.RefrerBasics" name="propertiesFileTester">
    <skipped/>
  </testcase> <!-- propertiesFileTester -->
</testsuite> <!-- referBasics.RefrerBasics -->
