<?xml version="1.0" encoding="UTF-8"?>
<!-- Generated by org.testng.reporters.JUnitReportReporter -->
<testsuite hostname="cucumber" failures="0" tests="1" name="examples.ParameterDemo" time="0.002" errors="0" timestamp="25 Apr 2022 16:51:07 GMT" skipped="0">
  <testcase classname="examples.ParameterDemo" name="parameter" time="0.002"/>
</testsuite> <!-- examples.ParameterDemo -->
