<?xml version="1.0" encoding="UTF-8"?>
<!-- Generated by org.testng.reporters.JUnitReportReporter -->
<testsuite hostname="cucumber" failures="0" tests="1" name="forTest.Annotations" time="0.007" errors="0" timestamp="23 May 2022 04:30:24 GMT" skipped="0">
  <testcase classname="forTest.Annotations" name="test1" time="0.007"/>
</testsuite> <!-- forTest.Annotations -->
