<?xml version="1.0" encoding="UTF-8"?>
<!-- Generated by org.testng.reporters.JUnitReportReporter -->
<testsuite hostname="cucumber" failures="0" tests="3" name="forTest.ExecuteDataPro" time="11.751" errors="0" timestamp="23 May 2022 04:31:01 GMT" skipped="0">
  <testcase classname="forTest.ExecuteDataPro" name="calldataProvider" time="2.613"/>
  <testcase classname="forTest.ExecuteDataPro" name="calldataProvider" time="3.648"/>
  <testcase classname="forTest.ExecuteDataPro" name="calldataProvider" time="5.490"/>
</testsuite> <!-- forTest.ExecuteDataPro -->
